<?xml version="1.0" encoding="UTF-8"?>
<testng-results skipped="0" failed="2" total="6" passed="4">
  <reporter-output>
  </reporter-output>
  <suite name="Suite" duration-ms="48021" started-at="2018-10-30T16:53:22Z" finished-at="2018-10-30T16:54:10Z">
    <groups>
    </groups>
    <test name="Test" duration-ms="48021" started-at="2018-10-30T16:53:22Z" finished-at="2018-10-30T16:54:10Z">
      <class name="mytests.Test1">
        <test-method status="PASS" signature="beforeTest()[pri:0, instance:mytests.Test1@3cbbc1e0]" name="beforeTest" is-config="true" duration-ms="22997" started-at="2018-10-30T16:53:22Z" finished-at="2018-10-30T16:53:45Z">
          <reporter-output>
          </reporter-output>
        </test-method> <!-- beforeTest -->
        <test-method status="PASS" signature="user_should_navigate_to_mercurytours()[pri:0, instance:mytests.Test1@3cbbc1e0]" name="user_should_navigate_to_mercurytours" duration-ms="2973" started-at="2018-10-30T16:53:45Z" finished-at="2018-10-30T16:53:48Z">
          <reporter-output>
          </reporter-output>
        </test-method> <!-- user_should_navigate_to_mercurytours -->
        <test-method status="PASS" signature="afterTest()[pri:0, instance:mytests.Test1@3cbbc1e0]" name="afterTest" is-config="true" duration-ms="197" started-at="2018-10-30T16:53:48Z" finished-at="2018-10-30T16:53:49Z">
          <reporter-output>
          </reporter-output>
        </test-method> <!-- afterTest -->
      </class> <!-- mytests.Test1 -->
      <class name="mytests.Test2">
        <test-method status="PASS" signature="run_the_browser()[pri:0, instance:mytests.Test2@327471b5]" name="run_the_browser" is-config="true" duration-ms="10318" started-at="2018-10-30T16:53:22Z" finished-at="2018-10-30T16:53:33Z">
          <reporter-output>
          </reporter-output>
        </test-method> <!-- run_the_browser -->
        <test-method status="PASS" signature="user_should_navigate_to_google_page()[pri:0, instance:mytests.Test2@327471b5]" name="user_should_navigate_to_google_page" duration-ms="27763" started-at="2018-10-30T16:53:33Z" finished-at="2018-10-30T16:54:01Z">
          <reporter-output>
          </reporter-output>
        </test-method> <!-- user_should_navigate_to_google_page -->
        <test-method status="PASS" signature="user_should_logintotours()[pri:0, instance:mytests.Test2@327471b5]" name="user_should_logintotours" duration-ms="6373" started-at="2018-10-30T16:54:01Z" finished-at="2018-10-30T16:54:07Z">
          <reporter-output>
          </reporter-output>
        </test-method> <!-- user_should_logintotours -->
        <test-method status="PASS" signature="user_click_on_newstab()[pri:0, instance:mytests.Test2@327471b5]" name="user_click_on_newstab" duration-ms="293" started-at="2018-10-30T16:54:07Z" finished-at="2018-10-30T16:54:07Z">
          <reporter-output>
          </reporter-output>
        </test-method> <!-- user_click_on_newstab -->
        <test-method status="FAIL" signature="flight_booking()[pri:0, instance:mytests.Test2@327471b5]" name="flight_booking" duration-ms="112" started-at="2018-10-30T16:54:07Z" finished-at="2018-10-30T16:54:07Z">
          <exception class="org.openqa.selenium.NoSuchElementException">
            <message>
              <![CDATA[Unable to locate element: *[name='tripType']
For documentation on this error, please visit: http://seleniumhq.org/exceptions/no_such_element.html
Build info: version: '3.4.0', revision: 'unknown', time: 'unknown'
System info: host: 'phptravel-lk26p', ip: '10.44.1.7', os.name: 'Linux', os.arch: 'amd64', os.version: '4.4.111+', java.version: '1.8.0_171'
Driver info: org.openqa.selenium.remote.RemoteWebDriver
Capabilities [{moz:profile=/tmp/rust_mozprofile.kNQZc2PRssh0, rotatable=false, zal:idleTimeout=150.0, moz:geckodriverVersion=0.23.0, timeouts={implicit=0.0, pageLoad=300000.0, script=30000.0}, pageLoadStrategy=normal, unhandledPromptBehavior=dismiss and notify, moz:headless=false, platform=ANY, moz:accessibilityChecks=false, moz:useNonSpecCompliantPointerOrigin=false, webdriver.remote.sessionid=49a6b87b-2f77-4741-8d88-dbbfbeb11039, acceptInsecureCerts=false, browserVersion=63.0, platformVersion=4.4.111+, moz:processID=1939.0, browserName=firefox, javascriptEnabled=true, platformName=linux, zal:name=SparkMercury, setWindowRect=true, moz:webdriverClick=true}]
Session ID: 49a6b87b-2f77-4741-8d88-dbbfbeb11039
*** Element info: {Using=name, value=tripType}]]>
            </message>
            <full-stacktrace>
              <![CDATA[org.openqa.selenium.NoSuchElementException: Unable to locate element: *[name='tripType']
For documentation on this error, please visit: http://seleniumhq.org/exceptions/no_such_element.html
Build info: version: '3.4.0', revision: 'unknown', time: 'unknown'
System info: host: 'phptravel-lk26p', ip: '10.44.1.7', os.name: 'Linux', os.arch: 'amd64', os.version: '4.4.111+', java.version: '1.8.0_171'
Driver info: org.openqa.selenium.remote.RemoteWebDriver
Capabilities [{moz:profile=/tmp/rust_mozprofile.kNQZc2PRssh0, rotatable=false, zal:idleTimeout=150.0, moz:geckodriverVersion=0.23.0, timeouts={implicit=0.0, pageLoad=300000.0, script=30000.0}, pageLoadStrategy=normal, unhandledPromptBehavior=dismiss and notify, moz:headless=false, platform=ANY, moz:accessibilityChecks=false, moz:useNonSpecCompliantPointerOrigin=false, webdriver.remote.sessionid=49a6b87b-2f77-4741-8d88-dbbfbeb11039, acceptInsecureCerts=false, browserVersion=63.0, platformVersion=4.4.111+, moz:processID=1939.0, browserName=firefox, javascriptEnabled=true, platformName=linux, zal:name=SparkMercury, setWindowRect=true, moz:webdriverClick=true}]
Session ID: 49a6b87b-2f77-4741-8d88-dbbfbeb11039
*** Element info: {Using=name, value=tripType}
	at sun.reflect.NativeConstructorAccessorImpl.newInstance0(Native Method)
	at sun.reflect.NativeConstructorAccessorImpl.newInstance(NativeConstructorAccessorImpl.java:62)
	at sun.reflect.DelegatingConstructorAccessorImpl.newInstance(DelegatingConstructorAccessorImpl.java:45)
	at java.lang.reflect.Constructor.newInstance(Constructor.java:423)
	at org.openqa.selenium.remote.http.W3CHttpResponseCodec.createException(W3CHttpResponseCodec.java:150)
	at org.openqa.selenium.remote.http.W3CHttpResponseCodec.decode(W3CHttpResponseCodec.java:115)
	at org.openqa.selenium.remote.http.W3CHttpResponseCodec.decode(W3CHttpResponseCodec.java:45)
	at org.openqa.selenium.remote.HttpCommandExecutor.execute(HttpCommandExecutor.java:164)
	at org.openqa.selenium.remote.RemoteWebDriver.execute(RemoteWebDriver.java:637)
	at org.openqa.selenium.remote.RemoteWebDriver.findElement(RemoteWebDriver.java:410)
	at org.openqa.selenium.remote.RemoteWebDriver.findElementByName(RemoteWebDriver.java:485)
	at org.openqa.selenium.By$ByName.findElement(By.java:303)
	at org.openqa.selenium.remote.RemoteWebDriver.findElement(RemoteWebDriver.java:402)
	at mytests.Test2.flight_booking(Test2.java:73)
	at sun.reflect.NativeMethodAccessorImpl.invoke0(Native Method)
	at sun.reflect.NativeMethodAccessorImpl.invoke(NativeMethodAccessorImpl.java:62)
	at sun.reflect.DelegatingMethodAccessorImpl.invoke(DelegatingMethodAccessorImpl.java:43)
	at java.lang.reflect.Method.invoke(Method.java:498)
	at org.testng.internal.MethodInvocationHelper.invokeMethod(MethodInvocationHelper.java:80)
	at org.testng.internal.Invoker.invokeMethod(Invoker.java:714)
	at org.testng.internal.Invoker.invokeTestMethod(Invoker.java:901)
	at org.testng.internal.Invoker.invokeTestMethods(Invoker.java:1231)
	at org.testng.internal.TestMethodWorker.invokeTestMethods(TestMethodWorker.java:127)
	at org.testng.internal.TestMethodWorker.run(TestMethodWorker.java:111)
	at java.util.concurrent.ThreadPoolExecutor.runWorker(ThreadPoolExecutor.java:1149)
	at java.util.concurrent.ThreadPoolExecutor$Worker.run(ThreadPoolExecutor.java:624)
	at java.lang.Thread.run(Thread.java:748)
]]>
            </full-stacktrace>
          </exception> <!-- org.openqa.selenium.NoSuchElementException -->
          <reporter-output>
          </reporter-output>
        </test-method> <!-- flight_booking -->
        <test-method status="FAIL" signature="flight_bookingconfirm()[pri:0, instance:mytests.Test2@327471b5]" name="flight_bookingconfirm" duration-ms="170" started-at="2018-10-30T16:54:07Z" finished-at="2018-10-30T16:54:08Z">
          <exception class="org.openqa.selenium.NoSuchElementException">
            <message>
              <![CDATA[Unable to locate element: *[name='passFirst0']
For documentation on this error, please visit: http://seleniumhq.org/exceptions/no_such_element.html
Build info: version: '3.4.0', revision: 'unknown', time: 'unknown'
System info: host: 'phptravel-lk26p', ip: '10.44.1.7', os.name: 'Linux', os.arch: 'amd64', os.version: '4.4.111+', java.version: '1.8.0_171'
Driver info: org.openqa.selenium.remote.RemoteWebDriver
Capabilities [{moz:profile=/tmp/rust_mozprofile.kNQZc2PRssh0, rotatable=false, zal:idleTimeout=150.0, moz:geckodriverVersion=0.23.0, timeouts={implicit=0.0, pageLoad=300000.0, script=30000.0}, pageLoadStrategy=normal, unhandledPromptBehavior=dismiss and notify, moz:headless=false, platform=ANY, moz:accessibilityChecks=false, moz:useNonSpecCompliantPointerOrigin=false, webdriver.remote.sessionid=49a6b87b-2f77-4741-8d88-dbbfbeb11039, acceptInsecureCerts=false, browserVersion=63.0, platformVersion=4.4.111+, moz:processID=1939.0, browserName=firefox, javascriptEnabled=true, platformName=linux, zal:name=SparkMercury, setWindowRect=true, moz:webdriverClick=true}]
Session ID: 49a6b87b-2f77-4741-8d88-dbbfbeb11039
*** Element info: {Using=name, value=passFirst0}]]>
            </message>
            <full-stacktrace>
              <![CDATA[org.openqa.selenium.NoSuchElementException: Unable to locate element: *[name='passFirst0']
For documentation on this error, please visit: http://seleniumhq.org/exceptions/no_such_element.html
Build info: version: '3.4.0', revision: 'unknown', time: 'unknown'
System info: host: 'phptravel-lk26p', ip: '10.44.1.7', os.name: 'Linux', os.arch: 'amd64', os.version: '4.4.111+', java.version: '1.8.0_171'
Driver info: org.openqa.selenium.remote.RemoteWebDriver
Capabilities [{moz:profile=/tmp/rust_mozprofile.kNQZc2PRssh0, rotatable=false, zal:idleTimeout=150.0, moz:geckodriverVersion=0.23.0, timeouts={implicit=0.0, pageLoad=300000.0, script=30000.0}, pageLoadStrategy=normal, unhandledPromptBehavior=dismiss and notify, moz:headless=false, platform=ANY, moz:accessibilityChecks=false, moz:useNonSpecCompliantPointerOrigin=false, webdriver.remote.sessionid=49a6b87b-2f77-4741-8d88-dbbfbeb11039, acceptInsecureCerts=false, browserVersion=63.0, platformVersion=4.4.111+, moz:processID=1939.0, browserName=firefox, javascriptEnabled=true, platformName=linux, zal:name=SparkMercury, setWindowRect=true, moz:webdriverClick=true}]
Session ID: 49a6b87b-2f77-4741-8d88-dbbfbeb11039
*** Element info: {Using=name, value=passFirst0}
	at sun.reflect.NativeConstructorAccessorImpl.newInstance0(Native Method)
	at sun.reflect.NativeConstructorAccessorImpl.newInstance(NativeConstructorAccessorImpl.java:62)
	at sun.reflect.DelegatingConstructorAccessorImpl.newInstance(DelegatingConstructorAccessorImpl.java:45)
	at java.lang.reflect.Constructor.newInstance(Constructor.java:423)
	at org.openqa.selenium.remote.http.W3CHttpResponseCodec.createException(W3CHttpResponseCodec.java:150)
	at org.openqa.selenium.remote.http.W3CHttpResponseCodec.decode(W3CHttpResponseCodec.java:115)
	at org.openqa.selenium.remote.http.W3CHttpResponseCodec.decode(W3CHttpResponseCodec.java:45)
	at org.openqa.selenium.remote.HttpCommandExecutor.execute(HttpCommandExecutor.java:164)
	at org.openqa.selenium.remote.RemoteWebDriver.execute(RemoteWebDriver.java:637)
	at org.openqa.selenium.remote.RemoteWebDriver.findElement(RemoteWebDriver.java:410)
	at org.openqa.selenium.remote.RemoteWebDriver.findElementByName(RemoteWebDriver.java:485)
	at org.openqa.selenium.By$ByName.findElement(By.java:303)
	at org.openqa.selenium.remote.RemoteWebDriver.findElement(RemoteWebDriver.java:402)
	at mytests.Test2.flight_bookingconfirm(Test2.java:92)
	at sun.reflect.NativeMethodAccessorImpl.invoke0(Native Method)
	at sun.reflect.NativeMethodAccessorImpl.invoke(NativeMethodAccessorImpl.java:62)
	at sun.reflect.DelegatingMethodAccessorImpl.invoke(DelegatingMethodAccessorImpl.java:43)
	at java.lang.reflect.Method.invoke(Method.java:498)
	at org.testng.internal.MethodInvocationHelper.invokeMethod(MethodInvocationHelper.java:80)
	at org.testng.internal.Invoker.invokeMethod(Invoker.java:714)
	at org.testng.internal.Invoker.invokeTestMethod(Invoker.java:901)
	at org.testng.internal.Invoker.invokeTestMethods(Invoker.java:1231)
	at org.testng.internal.TestMethodWorker.invokeTestMethods(TestMethodWorker.java:127)
	at org.testng.internal.TestMethodWorker.run(TestMethodWorker.java:111)
	at java.util.concurrent.ThreadPoolExecutor.runWorker(ThreadPoolExecutor.java:1149)
	at java.util.concurrent.ThreadPoolExecutor$Worker.run(ThreadPoolExecutor.java:624)
	at java.lang.Thread.run(Thread.java:748)
]]>
            </full-stacktrace>
          </exception> <!-- org.openqa.selenium.NoSuchElementException -->
          <reporter-output>
          </reporter-output>
        </test-method> <!-- flight_bookingconfirm -->
        <test-method status="PASS" signature="close_chrome()[pri:0, instance:mytests.Test2@327471b5]" name="close_chrome" is-config="true" duration-ms="2897" started-at="2018-10-30T16:54:08Z" finished-at="2018-10-30T16:54:10Z">
          <reporter-output>
          </reporter-output>
        </test-method> <!-- close_chrome -->
      </class> <!-- mytests.Test2 -->
    </test> <!-- Test -->
  </suite> <!-- Suite -->
</testng-results>
